{"message":"OK!","level":"info"}
{"message":"Initiating App...","level":"info"}
{"message":"Initiating App...","level":"info"}
{"message":"Initiating App...","level":"info"}
{"message":"Initiating App...","level":"info"}
{"message":"Initiating App...","level":"info"}
{"message":"Initiating App...","level":"info"}
{"message":"Initiating App...","level":"info"}
{"message":"Initiating App...","level":"info"}
{"message":"Initiating App...","level":"info"}
{"message":"Initiating App...","level":"info"}
{"message":"Initiating App...","level":"info"}
{"message":"Initiating App...","level":"info"}
{"message":"Initiating App...","level":"info"}
{"message":"Initiating App...","level":"info"}
{"message":"Initiating App...","level":"info"}
{"message":"Initiating App...","level":"info"}
{"message":"Initiating App...","level":"info"}
{"message":"Initiating App...","level":"info"}
{"message":"Initiating App...","level":"info"}
{"message":"Initiating App...","level":"info"}
{"message":"Initiating App...","level":"info"}
{"message":"Initiating App...","level":"info"}
{"message":"Initiating App...","level":"info"}
{"message":"Initiating App...","level":"info"}
{"message":"Initiating App...","level":"info"}
{"message":"Initiating App...","level":"info"}
{"message":"Initiating App...","level":"info"}
{"message":"Initiating App...","level":"info"}
{"message":"Initiating App...","level":"info"}
{"message":"Initiating App...","level":"info"}
{"message":"Unknown database 'ecom'","level":"error"}
{"message":"Initiating App...","level":"info"}
{"message":"Unknown database 'ecom'","level":"error"}
{"message":"Initiating App...","level":"info"}
{"message":"Unknown database 'ecom'","level":"error"}
{"message":"Initiating App...","level":"info"}
{"message":"Unknown database 'ecom'","level":"error"}
{"message":"Initiating App...","level":"info"}
{"message":"Initiating App...","level":"info"}
{"message":"Initiating App...","level":"info"}
{"message":"Database Connected!","level":"info"}
{"message":"Initiating App...","level":"info"}
{"message":"Database Connected!","level":"info"}
{"message":"Initiating App...","level":"info"}
{"message":"Database Connected!","level":"info"}
{"message":"Initiating App...","level":"info"}
{"message":"Database Connected!","level":"info"}
{"message":"Initiating App...","level":"info"}
{"message":"Database Connected!","level":"info"}
{"message":"Initiating App...","level":"info"}
{"message":"Database Connected!","level":"info"}
{"message":"Initiating App...","level":"info"}
{"message":"Database Connected!","level":"info"}
{"message":"Initiating App...","level":"info"}
{"message":"Database Connected!","level":"info"}
{"message":"Initiating App...","level":"info"}
{"message":"Database Connected!","level":"info"}
{"message":"Initiating App...","level":"info"}
{"message":"Database Connected!","level":"info"}
{"message":"Initiating App...","level":"info"}
{"message":"Database Connected!","level":"info"}
{"message":"Initiating App...","level":"info"}
{"message":"Database Connected!","level":"info"}
{"message":"Initiating App...","level":"info"}
{"message":"Database Connected!","level":"info"}
{"message":"Initiating App...","level":"info"}
{"message":"Database Connected!","level":"info"}
{"message":"Initiating App...","level":"info"}
{"message":"Database Connected!","level":"info"}
{"message":"Initiating App...","level":"info"}
{"message":"Database Connected!","level":"info"}
{"message":"App Initiated! localhost:8080","level":"info"}
{"message":"Initiating App...","level":"info"}
{"message":"Database Connected!","level":"info"}
{"message":"App Initiated! listening on localhost:8080","level":"info"}
{"message":"Initiating App...","level":"info"}
{"message":"Database Connected!","level":"info"}
{"message":"App Initiated! listening on localhost:8080","level":"info"}
{"message":"Initiating App...","level":"info"}
{"message":"Database Connected!","level":"info"}
{"message":"App Initiated! listening on localhost:8080","level":"info"}
{"message":"Initiating App...","level":"info"}
{"message":"Database Connected!","level":"info"}
{"message":"App Initiated! listening on localhost:8080","level":"info"}
{"message":"Initiating App...","level":"info"}
{"message":"Database Connected!","level":"info"}
{"message":"App Initiated! listening on localhost:8080","level":"info"}
{"message":"Initiating App...","level":"info"}
{"message":"Database Connected!","level":"info"}
{"message":"App Initiated! listening on localhost:8080","level":"info"}
{"message":"Initiating App...","level":"info"}
{"message":"Database Connected!","level":"info"}
{"message":"App Initiated! listening on localhost:8080","level":"info"}
{"message":"Initiating App...","level":"info"}
{"message":"Database Connected!","level":"info"}
{"message":"App Initiated! listening on localhost:8080","level":"info"}
{"message":"Initiating App...","level":"info"}
{"message":"Database Connected!","level":"info"}
{"message":"App Initiated! listening on localhost:8080","level":"info"}
{"message":"Initiating App...","level":"info"}
{"message":"Database Connected!","level":"info"}
{"message":"App Initiated! listening on localhost:8080","level":"info"}
{"message":"Initiating App...","level":"info"}
{"message":"Database Connected!","level":"info"}
{"message":"App Initiated! listening on localhost:8080","level":"info"}
{"message":"Initiating App...","level":"info"}
{"message":"Database Connected!","level":"info"}
{"message":"App Initiated! listening on localhost:8080","level":"info"}
{"message":"Initiating App...","level":"info"}
{"message":"Database Connected!","level":"info"}
{"message":"App Initiated! listening on localhost:8080","level":"info"}
{"message":"Initiating App...","level":"info"}
{"message":"Database Connected!","level":"info"}
{"message":"App Initiated! listening on localhost:8080","level":"info"}
{"message":"Initiating App...","level":"info"}
{"message":"Database Connected!","level":"info"}
{"message":"App Initiated! listening on localhost:8080","level":"info"}
{"message":"Initiating App...","level":"info"}
{"message":"Database Connected!","level":"info"}
{"message":"App Initiated! listening on localhost:8080","level":"info"}
{"message":"Initiating App...","level":"info"}
{"message":"Database Connected!","level":"info"}
{"message":"App Initiated! listening on localhost:8080","level":"info"}
{"message":"Initiating App...","level":"info"}
{"message":"Database Connected!","level":"info"}
{"message":"App Initiated! listening on localhost:8080","level":"info"}
{"message":"Initiating App...","level":"info"}
{"message":"Database Connected!","level":"info"}
{"message":"App Initiated! listening on localhost:8080","level":"info"}
{"message":"Initiating App...","level":"info"}
{"message":"Database Connected!","level":"info"}
{"message":"App: initiating...","level":"info"}
{"message":"Database Connected!","level":"info"}
{"message":"App: initiating...","level":"info"}
{"message":"Database Connected!","level":"info"}
{"message":"App: initiating...","level":"info"}
{"message":"Database: Connecting...","level":"info"}
{"message":"Database Connected!","level":"info"}
{"message":"App: initiating...","level":"info"}
{"message":"Database: Connecting...","level":"info"}
{"message":"Database: Connected","level":"info"}
{"message":"App: initiating...","level":"info"}
{"message":"Database: Connecting...","level":"info"}
{"message":"Database: Connected","level":"info"}
{"message":"App: initiating...","level":"info"}
{"message":"Models: Loading","level":"info"}
{"message":"Database: Connected","level":"info"}
{"message":"App: initiating...","level":"info"}
{"message":"Models: Loading...","level":"info"}
{"message":"Database: Connected","level":"info"}
{"message":"App: initiating...","level":"info"}
{"message":"Models: Loading...","level":"info"}
{"message":"Models: Connected","level":"info"}
{"message":"App: initiating...","level":"info"}
{"message":"Models: Loading...","level":"info"}
{"message":"Models: Loaded","level":"info"}
{"message":"App: initiating...","level":"info"}
{"message":"Models: Loading...","level":"info"}
{"message":"Models: Loaded","level":"info"}
{"message":"App: initiating...","level":"info"}
{"message":"Models: Loading...","level":"info"}
{"message":"Models: Loaded","level":"info"}
{"message":"App: initiating...","level":"info"}
{"message":"Models: Loading...","level":"info"}
{"message":"Models: Loaded","level":"info"}
{"message":"App: initiating...","level":"info"}
{"message":"Models: Loading...","level":"info"}
{"message":"Models: Loaded","level":"info"}
{"message":"App: initiating...","level":"info"}
{"message":"Models: Loading...","level":"info"}
{"message":"Models: Loaded","level":"info"}
{"message":"App: initiating...","level":"info"}
{"message":"Models: Loading...","level":"info"}
{"message":"Models: Loaded","level":"info"}
{"message":"App: initiating...","level":"info"}
{"message":"Models: Loading...","level":"info"}
{"message":"Models: Loaded","level":"info"}
{"message":"App: initiating...","level":"info"}
{"message":"Models: Loading...","level":"info"}
{"message":"Models: Loaded","level":"info"}
{"message":"App: initiating...","level":"info"}
{"message":"Models: Loading...","level":"info"}
{"message":"Models: Loaded","level":"info"}
{"message":"App: initiating...","level":"info"}
{"message":"Models: Loading...","level":"info"}
{"message":"Models: Loaded","level":"info"}
{"message":"Repositories: Loading...","level":"info"}
{"message":"Repositories: Loaded","level":"info"}
{"message":"Routes: Loading...","level":"info"}
{"message":"Routes: Loaded","level":"info"}
{"message":"App Initiated! listening on localhost:8080","level":"info"}
{"message":"App: initiating...","level":"info"}
{"message":"Models: Loading...","level":"info"}
{"message":"Models: Loaded","level":"info"}
{"message":"App: initiating...","level":"info"}
{"message":"Models: Loading...","level":"info"}
{"message":"Models: Loaded","level":"info"}
{"message":"Repositories: Loading...","level":"info"}
{"message":"Repositories: Loaded","level":"info"}
{"message":"Routes: Loading...","level":"info"}
{"message":"Routes: Loaded","level":"info"}
{"message":"App Initiated! listening on localhost:8080","level":"info"}
{"message":"App: initiating...","level":"info"}
{"message":"Models: Loading...","level":"info"}
{"message":"Models: Loaded","level":"info"}
{"message":"Repositories: Loading...","level":"info"}
{"message":"Repositories: Loaded","level":"info"}
{"message":"Routes: Loading...","level":"info"}
{"message":"Routes: Loaded","level":"info"}
{"message":"App Initiated! listening on localhost:8080","level":"info"}
{"message":"App: initiating...","level":"info"}
{"message":"Models: Loading...","level":"info"}
{"message":"Models: Loaded","level":"info"}
{"message":"Repositories: Loading...","level":"info"}
{"message":"Repositories: Loaded","level":"info"}
{"message":"Routes: Loading...","level":"info"}
{"message":"Routes: Loaded","level":"info"}
{"message":"App Initiated! listening on localhost:8080","level":"info"}
{"message":"App: initiating...","level":"info"}
{"message":"Models: Loading...","level":"info"}
{"message":"Models: Loaded","level":"info"}
{"message":"Repositories: Loading...","level":"info"}
{"message":"Repositories: Loaded","level":"info"}
{"message":"Routes: Loading...","level":"info"}
{"message":"Routes: Loaded","level":"info"}
{"message":"App Initiated! listening on localhost:8080","level":"info"}
{"message":"App: initiating...","level":"info"}
{"message":"Models: Loading...","level":"info"}
{"message":"Models: Loaded","level":"info"}
{"message":"Repositories: Loading...","level":"info"}
{"message":"Repositories: Loaded","level":"info"}
{"message":"Routes: Loading...","level":"info"}
{"message":"Routes: Loaded","level":"info"}
{"message":"App Initiated! listening on localhost:8080","level":"info"}
{"message":"App: initiating...","level":"info"}
{"message":"Models: Loading...","level":"info"}
{"message":"Models: Loaded","level":"info"}
{"message":"Repositories: Loading...","level":"info"}
{"message":"Repositories: Loaded","level":"info"}
{"message":"Routes: Loading...","level":"info"}
{"message":"Routes: Loaded","level":"info"}
{"message":"App Initiated! listening on localhost:8080","level":"info"}
{"message":"App: initiating...","level":"info"}
{"message":"Models: Loading...","level":"info"}
{"message":"Models: Loaded","level":"info"}
{"message":"Repositories: Loading...","level":"info"}
{"message":"Repositories: Loaded","level":"info"}
{"message":"Routes: Loading...","level":"info"}
{"message":"Routes: Loaded","level":"info"}
{"message":"App Initiated! listening on localhost:8080","level":"info"}
{"message":"App: initiating...","level":"info"}
{"message":"Models: Loading...","level":"info"}
{"message":"Models: Loaded","level":"info"}
{"message":"Repositories: Loading...","level":"info"}
{"message":"Repositories: Loaded","level":"info"}
{"message":"Routes: Loading...","level":"info"}
{"message":"Routes: Loaded","level":"info"}
{"message":"App Initiated! listening on localhost:8080","level":"info"}
{"message":"App: initiating...","level":"info"}
{"message":"Models: Loading...","level":"info"}
{"message":"Models: Loaded","level":"info"}
{"message":"Repositories: Loading...","level":"info"}
{"message":"Repositories: Loaded","level":"info"}
{"message":"Routes: Loading...","level":"info"}
{"message":"Routes: Loaded","level":"info"}
{"message":"App Initiated! listening on localhost:8080","level":"info"}
{"message":"App: initiating...","level":"info"}
{"message":"Models: Loading...","level":"info"}
{"message":"Models: Loaded","level":"info"}
{"message":"Repositories: Loading...","level":"info"}
{"message":"Repositories: Loaded","level":"info"}
{"message":"Routes: Loading...","level":"info"}
{"message":"Routes: Loaded","level":"info"}
{"message":"App Initiated! listening on localhost:8080","level":"info"}
{"message":"App: initiating...","level":"info"}
{"message":"Models: Loading...","level":"info"}
{"message":"Models: Loaded","level":"info"}
{"message":"Repositories: Loading...","level":"info"}
{"message":"Repositories: Loaded","level":"info"}
{"message":"Routes: Loading...","level":"info"}
{"message":"App Initiated! listening on localhost:8080","level":"info"}
{"message":"App: initiating...","level":"info"}
{"message":"Models: Loading...","level":"info"}
{"message":"Models: Loaded","level":"info"}
{"message":"Repositories: Loading...","level":"info"}
{"message":"Repositories: Loaded","level":"info"}
{"message":"App Initiated! listening on localhost:8080","level":"info"}
{"message":"App: initiating...","level":"info"}
{"message":"Models: Loading...","level":"info"}
{"message":"Models: Loaded","level":"info"}
{"message":"Repositories: Loading...","level":"info"}
{"message":"Repositories: Loaded","level":"info"}
{"message":"App Initiated! listening on localhost:8080","level":"info"}
